<?xml version="1.0" encoding="UTF-8"?>
<!-- Generated by org.testng.reporters.JUnitReportReporter -->
<testsuite hostname="200411LTP0267" name="testcases.TC005_ForgotPassword" tests="1" failures="0" timestamp="4 Apr 2018 18:53:54 GMT" time="82.399" errors="0">
  <testcase name="ForgotPassword" time="82.399" classname="testcases.TC005_ForgotPassword"/>
</testsuite> <!-- testcases.TC005_ForgotPassword -->
