<?xml version="1.0" encoding="UTF-8"?>
<!-- Generated by org.testng.reporters.JUnitReportReporter -->
<testsuite hostname="200411LTP0267" name="testcases.TC001_LoginToOKTA" tests="1" failures="0" timestamp="21 Apr 2018 02:39:03 GMT" time="21.741" errors="0">
  <testcase name="Login" time="21.741" classname="testcases.TC001_LoginToOKTA"/>
</testsuite> <!-- testcases.TC001_LoginToOKTA -->
